<?xml version="1.0" encoding="UTF-8"?>
<!-- Generated by org.testng.reporters.JUnitReportReporter -->
<testsuite skipped="0" hostname="GATEWAY" name="Com.LogInTest.Test_001" tests="2" failures="0" timestamp="2022-07-04T11:51:22 IST" time="46.540" errors="0">
  <testcase name="verifyLogInpage" time="9.196" classname="Com.LogInTest.Test_001"/>
  <system-out/>
  <testcase name="verifyLogInpage" time="37.344" classname="Com.LogInTest.Test_001"/>
  <system-out/>
</testsuite> <!-- Com.LogInTest.Test_001 -->
